
> vdb-dev@0.1.0 build
> next build

  ▲ Next.js 14.2.3

   Creating an optimized production build ...
 ✓ Compiled successfully
   Linting and checking validity of types ...
   Collecting page data ...
   Generating static pages (0/5) ...
   Generating static pages (1/5) 
   Generating static pages (2/5) 
   Generating static pages (3/5) 
 ✓ Generating static pages (5/5)
   Finalizing page optimization ...
   Collecting build traces ...

Route (app)                              Size     First Load JS
┌ ○ /                                    173 B          93.9 kB
├ ○ /_not-found                          871 B          87.9 kB
└ ○ /design-system                       27.1 kB         121 kB
+ First Load JS shared by all            87 kB
  ├ chunks/23-3d31ad5cba0a8040.js        31.5 kB
  ├ chunks/fd9d1056-ef7665030d91a0d3.js  53.6 kB
  └ other shared chunks (total)          1.89 kB


○  (Static)  prerendered as static content

